
Showing logs for build [32mcb-kubecd-environment-pr-488-44-9r28t-1[0m stage [32mfrom-build-pack[0m and container [32mstep-credential-initializer-rnkrt[0m
{"level":"info","ts":1587576549.338236,"logger":"fallback-logger","caller":"logging/config.go:69","msg":"Fetch GitHub commit ID from kodata failed: open /var/run/ko/refs/heads/0.8.0-ns-support: no such file or directory"}
{"level":"info","ts":1587576549.3582172,"logger":"fallback-logger","caller":"creds-init/main.go:40","msg":"Credentials initialized."}

Showing logs for build [32mcb-kubecd-environment-pr-488-44-9r28t-1[0m stage [32mfrom-build-pack[0m and container [32mstep-working-dir-initializer-v96l8[0m
{"level":"info","ts":1587576550.4495277,"logger":"fallback-logger","caller":"logging/config.go:69","msg":"Fetch GitHub commit ID from kodata failed: open /var/run/ko/HEAD: no such file or directory"}
{"level":"info","ts":1587576550.4514754,"logger":"fallback-logger","caller":"bash/main.go:64","msg":"Successfully executed command \"sh -c mkdir -p /workspace/source\"; output "}

Showing logs for build [32mcb-kubecd-environment-pr-488-44-9r28t-1[0m stage [32mfrom-build-pack[0m and container [32mstep-place-tools[0m

Showing logs for build [32mcb-kubecd-environment-pr-488-44-9r28t-1[0m stage [32mfrom-build-pack[0m and container [32mstep-git-source-cb-kubecd-environment-pr-488-44-9r28t-6qmc9[0m
{"level":"info","ts":1587576581.9023182,"logger":"fallback-logger","caller":"logging/config.go:69","msg":"Fetch GitHub commit ID from kodata failed: open /var/run/ko/refs/heads/0.8.0-ns-support: no such file or directory"}
{"level":"info","ts":1587576582.994743,"logger":"fallback-logger","caller":"git/git.go:103","msg":"Successfully cloned https://github.com/cb-kubecd/environment-pr-488-44-bdd-frontend-staging.git @ master in path /workspace/source"}

Showing logs for build [32mcb-kubecd-environment-pr-488-44-9r28t-1[0m stage [32mfrom-build-pack[0m and container [32mstep-git-merge[0m
Using SHAs from PULL_REFS=master:2c044eaaa4ff35a6f663434d28410389c3c1adfe,1:c65a9877c57de5af8cace79137b707a70947952d
DEBUG: LC_ALL=C JX_LOG_LEVEL=error git fetch origin --unshallow c65a9877c57de5af8cace79137b707a70947952d: 2c044eaaa4ff35a6f663434d28410389c3c1adfe:
DEBUG: ran git fetch --unshallow origin c65a9877c57de5af8cace79137b707a70947952d: 2c044eaaa4ff35a6f663434d28410389c3c1adfe: in 
DEBUG: LC_ALL=C JX_LOG_LEVEL=error git branch
DEBUG: LC_ALL=C JX_LOG_LEVEL=error git checkout master
DEBUG: ran git checkout master in 
DEBUG: LC_ALL=C JX_LOG_LEVEL=error git reset --hard 2c044eaaa4ff35a6f663434d28410389c3c1adfe
DEBUG: ran git reset --hard 2c044eaaa4ff35a6f663434d28410389c3c1adfe in 
DEBUG: JX_LOG_LEVEL=error LC_ALL=C git clean -fd .
DEBUG: ran clean --force -d . in 
DEBUG: LC_ALL=C JX_LOG_LEVEL=error git merge c65a9877c57de5af8cace79137b707a70947952d
DEBUG: ran git merge c65a9877c57de5af8cace79137b707a70947952d in 
DEBUG: LC_ALL=C JX_LOG_LEVEL=error git log --format=%H%x1f%an%x1f%ae%x1f%cn%x1f%ce%x1f%s%n%b%x1e 2c044eaaa4ff35a6f663434d28410389c3c1adfe..HEAD
Merged SHA c65a9877c57de5af8cace79137b707a70947952d with commit message 'chore: Promote bdd-nh-1587575515 to version 0.0.1' into base branch master

Showing logs for build [32mcb-kubecd-environment-pr-488-44-9r28t-1[0m stage [32mfrom-build-pack[0m and container [32mstep-build-helm-build[0m
WARNING: No $CHART_REPOSITORY defined so using the default value of: http://jenkins-x-chartmuseum:8080
Adding missing Helm repo: storage.googleapis.com https://storage.googleapis.com/chartmuseum.jenkins-x.io
WARNING: No secrets found on "helm/repos" due: reading the secret "helm/repos" from vault: no secret "helm/repos" not found in vault
Read credentials for https://storage.googleapis.com/chartmuseum.jenkins-x.io from vault helm/repos
Successfully added Helm repository storage.googleapis.com.
Adding missing Helm repo: jenkins-x-chartmuseum http://jenkins-x-chartmuseum:8080
WARNING: No secrets found on "helm/repos" due: reading the secret "helm/repos" from vault: no secret "helm/repos" not found in vault
Read credentials for http://jenkins-x-chartmuseum:8080 from vault helm/repos
Successfully added Helm repository jenkins-x-chartmuseum.
WARNING: No $CHART_REPOSITORY defined so using the default value of: http://jenkins-x-chartmuseum:8080
Adding missing Helm repo: chartmuseum.jenkins-x.io http://chartmuseum.jenkins-x.io
WARNING: No secrets found on "helm/repos" due: reading the secret "helm/repos" from vault: no secret "helm/repos" not found in vault
Read credentials for http://chartmuseum.jenkins-x.io from vault helm/repos
Successfully added Helm repository chartmuseum.jenkins-x.io.
